<?xml version="1.0" encoding="UTF-8"?>
<testng-results ignored="0" total="6" passed="6" failed="0" skipped="0">
  <reporter-output>
  </reporter-output>
  <suite started-at="2024-07-14T13:13:56 CDT" name="Default suite" finished-at="2024-07-14T13:13:57 CDT" duration-ms="1211">
    <groups>
      <group name="cucumber">
        <method signature="AbstractTestNGCucumberTests.runScenario(io.cucumber.testng.PickleWrapper,io.cucumber.testng.FeatureWrapper)[pri:0, instance:cucucmberOptions.TestNgRunner@2d1ef81a]" name="runScenario" class="io.cucumber.testng.AbstractTestNGCucumberTests"/>
      </group> <!-- cucumber -->
    </groups>
    <test started-at="2024-07-14T13:13:56 CDT" name="Default test" finished-at="2024-07-14T13:13:57 CDT" duration-ms="1211">
      <class name="cucucmberOptions.TestNgRunner">
        <test-method is-config="true" signature="setUpClass(org.testng.ITestContext)[pri:0, instance:cucucmberOptions.TestNgRunner@2d1ef81a]" started-at="2024-07-14T13:13:56 CDT" name="setUpClass" finished-at="2024-07-14T13:13:57 CDT" duration-ms="765" status="PASS">
          <params>
            <param index="0">
              <value>
                <![CDATA[org.testng.TestRunner@51684e4a]]>
              </value>
            </param>
          </params>
          <reporter-output>
          </reporter-output>
        </test-method> <!-- setUpClass -->
        <test-method signature="runScenario(io.cucumber.testng.PickleWrapper,io.cucumber.testng.FeatureWrapper)[pri:0, instance:cucucmberOptions.TestNgRunner@2d1ef81a]" started-at="2024-07-14T13:13:57 CDT" name="runScenario" description="Runs Cucumber Scenarios" data-provider="scenarios" finished-at="2024-07-14T13:13:57 CDT" duration-ms="146" status="PASS">
          <params>
            <param index="0">
              <value>
                <![CDATA["User Page default Login"]]>
              </value>
            </param>
            <param index="1">
              <value>
                <![CDATA["Application Login"]]>
              </value>
            </param>
          </params>
          <reporter-output>
          </reporter-output>
        </test-method> <!-- runScenario -->
        <test-method signature="runScenario(io.cucumber.testng.PickleWrapper,io.cucumber.testng.FeatureWrapper)[pri:0, instance:cucucmberOptions.TestNgRunner@2d1ef81a]" started-at="2024-07-14T13:13:57 CDT" name="runScenario" description="Runs Cucumber Scenarios" data-provider="scenarios" finished-at="2024-07-14T13:13:57 CDT" duration-ms="35" status="PASS">
          <params>
            <param index="0">
              <value>
                <![CDATA["User Page default Login"]]>
              </value>
            </param>
            <param index="1">
              <value>
                <![CDATA["Application Login"]]>
              </value>
            </param>
          </params>
          <reporter-output>
          </reporter-output>
        </test-method> <!-- runScenario -->
        <test-method signature="runScenario(io.cucumber.testng.PickleWrapper,io.cucumber.testng.FeatureWrapper)[pri:0, instance:cucucmberOptions.TestNgRunner@2d1ef81a]" started-at="2024-07-14T13:13:57 CDT" name="runScenario" description="Runs Cucumber Scenarios" data-provider="scenarios" finished-at="2024-07-14T13:13:57 CDT" duration-ms="42" status="PASS">
          <params>
            <param index="0">
              <value>
                <![CDATA["User Page default Login"]]>
              </value>
            </param>
            <param index="1">
              <value>
                <![CDATA["Application Login"]]>
              </value>
            </param>
          </params>
          <reporter-output>
          </reporter-output>
        </test-method> <!-- runScenario -->
        <test-method signature="runScenario(io.cucumber.testng.PickleWrapper,io.cucumber.testng.FeatureWrapper)[pri:0, instance:cucucmberOptions.TestNgRunner@2d1ef81a]" started-at="2024-07-14T13:13:57 CDT" name="runScenario" description="Runs Cucumber Scenarios" data-provider="scenarios" finished-at="2024-07-14T13:13:57 CDT" duration-ms="43" status="PASS">
          <params>
            <param index="0">
              <value>
                <![CDATA["User Page default Login"]]>
              </value>
            </param>
            <param index="1">
              <value>
                <![CDATA["Application Login"]]>
              </value>
            </param>
          </params>
          <reporter-output>
          </reporter-output>
        </test-method> <!-- runScenario -->
        <test-method signature="runScenario(io.cucumber.testng.PickleWrapper,io.cucumber.testng.FeatureWrapper)[pri:0, instance:cucucmberOptions.TestNgRunner@2d1ef81a]" started-at="2024-07-14T13:13:57 CDT" name="runScenario" description="Runs Cucumber Scenarios" data-provider="scenarios" finished-at="2024-07-14T13:13:57 CDT" duration-ms="14" status="PASS">
          <params>
            <param index="0">
              <value>
                <![CDATA["User Page default Login"]]>
              </value>
            </param>
            <param index="1">
              <value>
                <![CDATA["Title of your feature"]]>
              </value>
            </param>
          </params>
          <reporter-output>
          </reporter-output>
        </test-method> <!-- runScenario -->
        <test-method signature="runScenario(io.cucumber.testng.PickleWrapper,io.cucumber.testng.FeatureWrapper)[pri:0, instance:cucucmberOptions.TestNgRunner@2d1ef81a]" started-at="2024-07-14T13:13:57 CDT" name="runScenario" description="Runs Cucumber Scenarios" data-provider="scenarios" finished-at="2024-07-14T13:13:57 CDT" duration-ms="17" status="PASS">
          <params>
            <param index="0">
              <value>
                <![CDATA["User Page default Login"]]>
              </value>
            </param>
            <param index="1">
              <value>
                <![CDATA["Title of your feature"]]>
              </value>
            </param>
          </params>
          <reporter-output>
          </reporter-output>
        </test-method> <!-- runScenario -->
        <test-method is-config="true" signature="tearDownClass()[pri:0, instance:cucucmberOptions.TestNgRunner@2d1ef81a]" started-at="2024-07-14T13:13:57 CDT" name="tearDownClass" finished-at="2024-07-14T13:13:57 CDT" duration-ms="65" status="PASS">
          <reporter-output>
          </reporter-output>
        </test-method> <!-- tearDownClass -->
      </class> <!-- cucucmberOptions.TestNgRunner -->
    </test> <!-- Default test -->
  </suite> <!-- Default suite -->
</testng-results>
